0 info it worked if it ends with ok
1 verbose cli [ '/usr/local/Cellar/node@6/6.12.3/bin/node',
1 verbose cli   '/usr/local/opt/node@6/bin/npm',
1 verbose cli   'start' ]
2 info using npm@3.10.8
3 info using node@v6.12.3
4 verbose run-script [ 'prestart', 'start', 'poststart' ]
5 info lifecycle semantic-html@1.0.0~prestart: semantic-html@1.0.0
6 silly lifecycle semantic-html@1.0.0~prestart: no script for prestart, continuing
7 info lifecycle semantic-html@1.0.0~start: semantic-html@1.0.0
8 verbose lifecycle semantic-html@1.0.0~start: unsafe-perm in lifecycle true
9 verbose lifecycle semantic-html@1.0.0~start: PATH: /usr/local/Cellar/node@6/6.12.3/lib/node_modules/npm/bin/node-gyp-bin:/Users/ashhyslo/Desktop/be-fe-submission/node_modules/.bin:/usr/local/Cellar/node@6/6.12.3/bin:/usr/local/opt/node@6/bin:/usr/local/opt/node@6/bin:/Users/ahysl1/.rvm/gems/ruby-2.3.4/bin:/Users/ahysl1/.rvm/gems/ruby-2.3.4@global/bin:/Users/ahysl1/.rvm/rubies/ruby-2.3.4/bin:/Library/Frameworks/Python.framework/Versions/3.6/bin:/Users/ashhyslo/.yarn/bin:/Users/ashhyslo/.config/yarn/global/node_modules/.bin:/usr/local/bin:/usr/bin:/bin:/usr/sbin:/sbin:/usr/local/sbin:/usr/local/opt/node@6/bin:/Users/ahysl1/.rvm/gems/ruby-2.3.4/bin:/Users/ahysl1/.rvm/gems/ruby-2.3.4@global/bin:/Users/ahysl1/.rvm/rubies/ruby-2.3.4/bin:/Library/Frameworks/Python.framework/Versions/3.6/bin:/Users/ashhyslo/.yarn/bin:/Users/ashhyslo/.config/yarn/global/node_modules/.bin:/Users/ashhyslo/.rvm/bin:/Users/ashhyslo/.rvm/bin
10 verbose lifecycle semantic-html@1.0.0~start: CWD: /Users/ashhyslo/Desktop/be-fe-submission
11 silly lifecycle semantic-html@1.0.0~start: Args: [ '-c', 'node index.js' ]
12 silly lifecycle semantic-html@1.0.0~start: Returned: code: 1  signal: null
13 info lifecycle semantic-html@1.0.0~start: Failed to exec start script
14 verbose stack Error: semantic-html@1.0.0 start: `node index.js`
14 verbose stack Exit status 1
14 verbose stack     at EventEmitter.<anonymous> (/usr/local/Cellar/node@6/6.12.3/lib/node_modules/npm/lib/utils/lifecycle.js:255:16)
14 verbose stack     at emitTwo (events.js:106:13)
14 verbose stack     at EventEmitter.emit (events.js:191:7)
14 verbose stack     at ChildProcess.<anonymous> (/usr/local/Cellar/node@6/6.12.3/lib/node_modules/npm/lib/utils/spawn.js:40:14)
14 verbose stack     at emitTwo (events.js:106:13)
14 verbose stack     at ChildProcess.emit (events.js:191:7)
14 verbose stack     at maybeClose (internal/child_process.js:920:16)
14 verbose stack     at Process.ChildProcess._handle.onexit (internal/child_process.js:230:5)
15 verbose pkgid semantic-html@1.0.0
16 verbose cwd /Users/ashhyslo/Desktop/be-fe-submission
17 error Darwin 16.7.0
18 error argv "/usr/local/Cellar/node@6/6.12.3/bin/node" "/usr/local/opt/node@6/bin/npm" "start"
19 error node v6.12.3
20 error npm  v3.10.8
21 error code ELIFECYCLE
22 error semantic-html@1.0.0 start: `node index.js`
22 error Exit status 1
23 error Failed at the semantic-html@1.0.0 start script 'node index.js'.
23 error Make sure you have the latest version of node.js and npm installed.
23 error If you do, this is most likely a problem with the semantic-html package,
23 error not with npm itself.
23 error Tell the author that this fails on your system:
23 error     node index.js
23 error You can get information on how to open an issue for this project with:
23 error     npm bugs semantic-html
23 error Or if that isn't available, you can get their info via:
23 error     npm owner ls semantic-html
23 error There is likely additional logging output above.
24 verbose exit [ 1, true ]
